<?xml version="1.0" encoding="UTF-8"?>
<testsuite xmlns:xsi="http://www.w3.org/2001/XMLSchema-instance" xsi:noNamespaceSchemaLocation="https://maven.apache.org/surefire/maven-surefire-plugin/xsd/surefire-test-report-3.0.xsd" version="3.0" name="Projeto.GestorDesportivo_ESTest" time="0.42" tests="76" errors="0" skipped="0" failures="0">
  <properties>
[...]
</properties>
  <testcase name="test19" classname="Projeto.GestorDesportivo_ESTest" time="0.003"/>
  <testcase name="test17" classname="Projeto.GestorDesportivo_ESTest" time="0.001"/>
  <testcase name="test18" classname="Projeto.GestorDesportivo_ESTest" time="0.001"/>
  <testcase name="test11" classname="Projeto.GestorDesportivo_ESTest" time="0.001"/>
  <testcase name="test55" classname="Projeto.GestorDesportivo_ESTest" time="0.001"/>
  <testcase name="test12" classname="Projeto.GestorDesportivo_ESTest" time="0.0"/>
  <testcase name="test56" classname="Projeto.GestorDesportivo_ESTest" time="0.001"/>
  <testcase name="test53" classname="Projeto.GestorDesportivo_ESTest" time="0.001"/>
  <testcase name="test10" classname="Projeto.GestorDesportivo_ESTest" time="0.002">
    <system-out><![CDATA[----------------------------------------------DENTRO CLASSE ABDOMINAIS-------------------------------------------------------
]]></system-out>
  </testcase>
  <testcase name="test54" classname="Projeto.GestorDesportivo_ESTest" time="0.001">
    <system-out><![CDATA[----------------------------------------------DENTRO CLASSE ABDOMINAIS-------------------------------------------------------
]]></system-out>
  </testcase>
  <testcase name="test15" classname="Projeto.GestorDesportivo_ESTest" time="0.002">
    <system-out><![CDATA[----------------------------------------------DENTRO CLASSE ABDOMINAIS-------------------------------------------------------
]]></system-out>
  </testcase>
  <testcase name="test59" classname="Projeto.GestorDesportivo_ESTest" time="0.002"/>
  <testcase name="test16" classname="Projeto.GestorDesportivo_ESTest" time="0.001"/>
  <testcase name="test13" classname="Projeto.GestorDesportivo_ESTest" time="0.001"/>
  <testcase name="test57" classname="Projeto.GestorDesportivo_ESTest" time="0.001"/>
  <testcase name="test14" classname="Projeto.GestorDesportivo_ESTest" time="0.003"/>
  <testcase name="test58" classname="Projeto.GestorDesportivo_ESTest" time="0.001"/>
  <testcase name="test51" classname="Projeto.GestorDesportivo_ESTest" time="0.001"/>
  <testcase name="test52" classname="Projeto.GestorDesportivo_ESTest" time="0.001"/>
  <testcase name="test50" classname="Projeto.GestorDesportivo_ESTest" time="0.001"/>
  <testcase name="test08" classname="Projeto.GestorDesportivo_ESTest" time="0.001"/>
  <testcase name="test09" classname="Projeto.GestorDesportivo_ESTest" time="0.0"/>
  <testcase name="test06" classname="Projeto.GestorDesportivo_ESTest" time="0.001"/>
  <testcase name="test07" classname="Projeto.GestorDesportivo_ESTest" time="0.001"/>
  <testcase name="test00" classname="Projeto.GestorDesportivo_ESTest" time="0.0"/>
  <testcase name="test44" classname="Projeto.GestorDesportivo_ESTest" time="0.0"/>
  <testcase name="test01" classname="Projeto.GestorDesportivo_ESTest" time="0.0"/>
  <testcase name="test45" classname="Projeto.GestorDesportivo_ESTest" time="0.001"/>
  <testcase name="test42" classname="Projeto.GestorDesportivo_ESTest" time="0.001">
    <system-out><![CDATA[----------------------------------------------DENTRO CLASSE ABDOMINAIS-------------------------------------------------------
]]></system-out>
  </testcase>
  <testcase name="test43" classname="Projeto.GestorDesportivo_ESTest" time="0.001"/>
  <testcase name="test04" classname="Projeto.GestorDesportivo_ESTest" time="0.001">
    <system-out><![CDATA[----------------------------------------------DENTRO CLASSE ABDOMINAIS-------------------------------------------------------
]]></system-out>
  </testcase>
  <testcase name="test48" classname="Projeto.GestorDesportivo_ESTest" time="0.001"/>
  <testcase name="test05" classname="Projeto.GestorDesportivo_ESTest" time="0.001"/>
  <testcase name="test49" classname="Projeto.GestorDesportivo_ESTest" time="0.001"/>
  <testcase name="test02" classname="Projeto.GestorDesportivo_ESTest" time="0.0"/>
  <testcase name="test46" classname="Projeto.GestorDesportivo_ESTest" time="0.0"/>
  <testcase name="test03" classname="Projeto.GestorDesportivo_ESTest" time="0.0"/>
  <testcase name="test47" classname="Projeto.GestorDesportivo_ESTest" time="0.0"/>
  <testcase name="test40" classname="Projeto.GestorDesportivo_ESTest" time="0.001"/>
  <testcase name="test41" classname="Projeto.GestorDesportivo_ESTest" time="0.001"/>
  <testcase name="test39" classname="Projeto.GestorDesportivo_ESTest" time="0.001"/>
  <testcase name="test33" classname="Projeto.GestorDesportivo_ESTest" time="0.0"/>
  <testcase name="test34" classname="Projeto.GestorDesportivo_ESTest" time="0.0"/>
  <testcase name="test31" classname="Projeto.GestorDesportivo_ESTest" time="0.001"/>
  <testcase name="test75" classname="Projeto.GestorDesportivo_ESTest" time="0.001"/>
  <testcase name="test32" classname="Projeto.GestorDesportivo_ESTest" time="0.001"/>
  <testcase name="test37" classname="Projeto.GestorDesportivo_ESTest" time="0.001"/>
  <testcase name="test38" classname="Projeto.GestorDesportivo_ESTest" time="0.0"/>
  <testcase name="test35" classname="Projeto.GestorDesportivo_ESTest" time="0.004">
    <system-out><![CDATA[Ok

]]></system-out>
  </testcase>
  <testcase name="test36" classname="Projeto.GestorDesportivo_ESTest" time="0.001"/>
  <testcase name="test70" classname="Projeto.GestorDesportivo_ESTest" time="0.0"/>
  <testcase name="test73" classname="Projeto.GestorDesportivo_ESTest" time="0.002"/>
  <testcase name="test30" classname="Projeto.GestorDesportivo_ESTest" time="0.001"/>
  <testcase name="test74" classname="Projeto.GestorDesportivo_ESTest" time="0.0"/>
  <testcase name="test71" classname="Projeto.GestorDesportivo_ESTest" time="0.005"/>
  <testcase name="test72" classname="Projeto.GestorDesportivo_ESTest" time="0.001"/>
  <testcase name="test28" classname="Projeto.GestorDesportivo_ESTest" time="0.001"/>
  <testcase name="test29" classname="Projeto.GestorDesportivo_ESTest" time="0.001"/>
  <testcase name="test22" classname="Projeto.GestorDesportivo_ESTest" time="0.0">
    <system-out><![CDATA[Ok

]]></system-out>
  </testcase>
  <testcase name="test66" classname="Projeto.GestorDesportivo_ESTest" time="0.001"/>
  <testcase name="test23" classname="Projeto.GestorDesportivo_ESTest" time="0.001"/>
  <testcase name="test67" classname="Projeto.GestorDesportivo_ESTest" time="0.001"/>
  <testcase name="test20" classname="Projeto.GestorDesportivo_ESTest" time="0.001"/>
  <testcase name="test64" classname="Projeto.GestorDesportivo_ESTest" time="0.001"/>
  <testcase name="test21" classname="Projeto.GestorDesportivo_ESTest" time="0.002">
    <system-out><![CDATA[Ok

]]></system-out>
  </testcase>
  <testcase name="test65" classname="Projeto.GestorDesportivo_ESTest" time="0.001"/>
  <testcase name="test26" classname="Projeto.GestorDesportivo_ESTest" time="0.001"/>
  <testcase name="test27" classname="Projeto.GestorDesportivo_ESTest" time="0.001"/>
  <testcase name="test24" classname="Projeto.GestorDesportivo_ESTest" time="0.003"/>
  <testcase name="test68" classname="Projeto.GestorDesportivo_ESTest" time="0.001"/>
  <testcase name="test25" classname="Projeto.GestorDesportivo_ESTest" time="0.001"/>
  <testcase name="test69" classname="Projeto.GestorDesportivo_ESTest" time="0.002"/>
  <testcase name="test62" classname="Projeto.GestorDesportivo_ESTest" time="0.001"/>
  <testcase name="test63" classname="Projeto.GestorDesportivo_ESTest" time="0.001"/>
  <testcase name="test60" classname="Projeto.GestorDesportivo_ESTest" time="0.001"/>
  <testcase name="test61" classname="Projeto.GestorDesportivo_ESTest" time="0.002"/>
</testsuite>