<?xml version="1.0" encoding="UTF-8"?>
<testsuite xmlns:xsi="http://www.w3.org/2001/XMLSchema-instance" xsi:noNamespaceSchemaLocation="https://maven.apache.org/surefire/maven-surefire-plugin/xsd/surefire-test-report-3.0.xsd" version="3.0" name="Projeto.BicepCurls_ESTest" time="0.08" tests="20" errors="0" skipped="0" failures="0">
  <properties>
[...]
</properties>
  <testcase name="test10" classname="Projeto.BicepCurls_ESTest" time="0.001"/>
  <testcase name="test01" classname="Projeto.BicepCurls_ESTest" time="0.002"/>
  <testcase name="test12" classname="Projeto.BicepCurls_ESTest" time="0.0"/>
  <testcase name="test00" classname="Projeto.BicepCurls_ESTest" time="0.001"/>
  <testcase name="test11" classname="Projeto.BicepCurls_ESTest" time="0.0"/>
  <testcase name="test03" classname="Projeto.BicepCurls_ESTest" time="0.001"/>
  <testcase name="test14" classname="Projeto.BicepCurls_ESTest" time="0.0"/>
  <testcase name="test02" classname="Projeto.BicepCurls_ESTest" time="0.001"/>
  <testcase name="test13" classname="Projeto.BicepCurls_ESTest" time="0.0"/>
  <testcase name="test05" classname="Projeto.BicepCurls_ESTest" time="0.001"/>
  <testcase name="test16" classname="Projeto.BicepCurls_ESTest" time="0.001"/>
  <testcase name="test04" classname="Projeto.BicepCurls_ESTest" time="0.0"/>
  <testcase name="test15" classname="Projeto.BicepCurls_ESTest" time="0.001"/>
  <testcase name="test07" classname="Projeto.BicepCurls_ESTest" time="0.001"/>
  <testcase name="test18" classname="Projeto.BicepCurls_ESTest" time="0.001"/>
  <testcase name="test06" classname="Projeto.BicepCurls_ESTest" time="0.057"/>
  <testcase name="test17" classname="Projeto.BicepCurls_ESTest" time="0.0"/>
  <testcase name="test09" classname="Projeto.BicepCurls_ESTest" time="0.0"/>
  <testcase name="test08" classname="Projeto.BicepCurls_ESTest" time="0.001"/>
  <testcase name="test19" classname="Projeto.BicepCurls_ESTest" time="0.0"/>
</testsuite>