<?xml version="1.0" encoding="UTF-8"?>
<testsuite xmlns:xsi="http://www.w3.org/2001/XMLSchema-instance" xsi:noNamespaceSchemaLocation="https://maven.apache.org/surefire/maven-surefire-plugin/xsd/surefire-test-report-3.0.xsd" version="3.0" name="Projeto.AppDesportiva_ESTest" time="0.122" tests="13" errors="0" skipped="0" failures="0">
  <properties>
[...]
</properties>
  <testcase name="test10" classname="Projeto.AppDesportiva_ESTest" time="0.011">
    <system-out><![CDATA[


























































































-------------Menu Inicial-------------
Opção 1: Carregar estado
Opção 2: Novo estado
Opção 0: Sair
Opção: 


























































































Programa encerrado
Insira o código do utilizador
Utilizador não existe.
Enter para continuar
]]></system-out>
  </testcase>
  <testcase name="test00" classname="Projeto.AppDesportiva_ESTest" time="0.002">
    <system-out><![CDATA[


























































































Não foi possível aceder ao ficheiro.
Enter para continuar



























































































-------------Menu Inicial-------------
Opção 1: Carregar estado
Opção 2: Novo estado
Opção 0: Sair
Opção: ]]></system-out>
  </testcase>
  <testcase name="test11" classname="Projeto.AppDesportiva_ESTest" time="0.001">
    <system-out><![CDATA[


























































































-------------Menu Inicial-------------
Opção 1: Carregar estado
Opção 2: Novo estado
Opção 0: Sair
Opção: 


























































































Programa encerrado
1: Desde sempre
2: Entre datas
]]></system-out>
  </testcase>
  <testcase name="test01" classname="Projeto.AppDesportiva_ESTest" time="0.001">
    <system-out><![CDATA[


























































































-------------Menu Inicial-------------
Opção 1: Carregar estado
Opção 2: Novo estado
Opção 0: Sair
Opção: 


























































































Programa encerrado



























































































-------------Menu Simulação-------------
Opção 1: Avançar tempo
Opção 2: Consultar recordes
Opção 3: Consultar estatísticas
Opção 4: Mostrar todas as informações (todos os utilizadores e as suas atividades e planos de treino executados)
Opção 0: Voltar ao setup
Opção: ]]></system-out>
  </testcase>
  <testcase name="test12" classname="Projeto.AppDesportiva_ESTest" time="0.001">
    <system-out><![CDATA[


























































































-------------Menu Inicial-------------
Opção 1: Carregar estado
Opção 2: Novo estado
Opção 0: Sair
Opção: 


























































































Insira o nome do ficheiro a carregar
]]></system-out>
  </testcase>
  <testcase name="test02" classname="Projeto.AppDesportiva_ESTest" time="0.002">
    <system-out><![CDATA[


























































































-------------Menu Inicial-------------
Opção 1: Carregar estado
Opção 2: Novo estado
Opção 0: Sair
Opção: 


























































































Programa encerrado



























































































-------------Estatísticas-------------
Opção 1: Utilizador com mais calorias gastas
Opção 2: Utilizador com mais atividades realizadas
Opção 3: Atividade mais realizada
Opção 4: Total de kilómetros percorridos
Opção 5: Metros de altimetria acumulados
Opção 6: Plano de treino mais exigente
Opção 7: Atividades de um utilizador
Opção 0: Voltar
Opção: ]]></system-out>
  </testcase>
  <testcase name="test03" classname="Projeto.AppDesportiva_ESTest" time="0.001">
    <system-out><![CDATA[


























































































-------------Menu Inicial-------------
Opção 1: Carregar estado
Opção 2: Novo estado
Opção 0: Sair
Opção: 


























































































Programa encerrado



























































































-------------Menu Inicial-------------
Opção 1: Carregar estado
Opção 2: Novo estado
Opção 0: Sair
Opção: ]]></system-out>
  </testcase>
  <testcase name="test04" classname="Projeto.AppDesportiva_ESTest" time="0.002"/>
  <testcase name="test05" classname="Projeto.AppDesportiva_ESTest" time="0.002">
    <system-out><![CDATA[


























































































-------------Menu Inicial-------------
Opção 1: Carregar estado
Opção 2: Novo estado
Opção 0: Sair
Opção: 


























































































Programa encerrado



























































































-------------Menu Inicial-------------
Opção 1: Carregar estado
Opção 2: Novo estado
Opção 0: Sair
Opção: 


























































































Programa encerrado
]]></system-out>
  </testcase>
  <testcase name="test06" classname="Projeto.AppDesportiva_ESTest" time="0.003">
    <system-out><![CDATA[


























































































-------------Menu Inicial-------------
Opção 1: Carregar estado
Opção 2: Novo estado
Opção 0: Sair
Opção: 


























































































Programa encerrado



























































































-------------Estatísticas-------------
Opção 1: Utilizador com mais calorias gastas
Opção 2: Utilizador com mais atividades realizadas
Opção 3: Atividade mais realizada
Opção 4: Total de kilómetros percorridos
Opção 5: Metros de altimetria acumulados
Opção 6: Plano de treino mais exigente
Opção 7: Atividades de um utilizador
Opção 0: Voltar
Opção: ]]></system-out>
  </testcase>
  <testcase name="test07" classname="Projeto.AppDesportiva_ESTest" time="0.002">
    <system-out><![CDATA[


























































































-------------Menu Inicial-------------
Opção 1: Carregar estado
Opção 2: Novo estado
Opção 0: Sair
Opção: 


























































































Programa encerrado



























































































-------------Menu Simulação-------------
Opção 1: Avançar tempo
Opção 2: Consultar recordes
Opção 3: Consultar estatísticas
Opção 4: Mostrar todas as informações (todos os utilizadores e as suas atividades e planos de treino executados)
Opção 0: Voltar ao setup
Opção: Data atual da simulação: 2014-02-14



























































































-------------Menu Setup-------------
Opção 1: Adicionar utilizador
Opção 2: Visualizar utilizador
Opção 3: Adicionar atividade
Opção 4: Registar execução de atividade
Opção 5: Adicionar atividade e registar execução
Opção 6: Visualizar atividade
Opção 7: Adicionar plano de treino
Opção 8: Registar execução de plano de treino
Opção 9: Adicionar plano de treino e registar execução
Opção 10: Visualizar plano de treino
Opção 11: Iniciar simulação
Opção 12: Guardar estado
Opção 13: Guardar e sair
Opção 0: Sair sem guardar
Opção: ]]></system-out>
  </testcase>
  <testcase name="test08" classname="Projeto.AppDesportiva_ESTest" time="0.002">
    <system-out><![CDATA[


























































































-------------Menu Inicial-------------
Opção 1: Carregar estado
Opção 2: Novo estado
Opção 0: Sair
Opção: 


























































































Programa encerrado



























































































-------------Menu Setup-------------
Opção 1: Adicionar utilizador
Opção 2: Visualizar utilizador
Opção 3: Adicionar atividade
Opção 4: Registar execução de atividade
Opção 5: Adicionar atividade e registar execução
Opção 6: Visualizar atividade
Opção 7: Adicionar plano de treino
Opção 8: Registar execução de plano de treino
Opção 9: Adicionar plano de treino e registar execução
Opção 10: Visualizar plano de treino
Opção 11: Iniciar simulação
Opção 12: Guardar estado
Opção 13: Guardar e sair
Opção 0: Sair sem guardar
Opção: 


























































































Programa encerrado
]]></system-out>
  </testcase>
  <testcase name="test09" classname="Projeto.AppDesportiva_ESTest" time="0.001">
    <system-out><![CDATA[


























































































-------------Menu Inicial-------------
Opção 1: Carregar estado
Opção 2: Novo estado
Opção 0: Sair
Opção: Insira o nome do ficheiro onde guardar o estado
]]></system-out>
  </testcase>
</testsuite>