<?xml version="1.0" encoding="UTF-8"?>
<testsuite xmlns:xsi="http://www.w3.org/2001/XMLSchema-instance" xsi:noNamespaceSchemaLocation="https://maven.apache.org/surefire/maven-surefire-plugin/xsd/surefire-test-report-3.0.xsd" version="3.0" name="Projeto.AtividadeTest" time="0.007" tests="4" errors="0" skipped="0" failures="0">
  <properties>
[...]
</properties>
  <testcase name="testConsumoCalorias" classname="Projeto.AtividadeTest" time="0.001">
    <system-out><![CDATA[----------------------------------------------DENTRO CLASSE ABDOMINAIS-------------------------------------------------------
]]></system-out>
  </testcase>
  <testcase name="testGetVelocidade" classname="Projeto.AtividadeTest" time="0.001"/>
  <testcase name="testAtividadeVazia" classname="Projeto.AtividadeTest" time="0.0"/>
  <testcase name="testAtividadeParametrizada" classname="Projeto.AtividadeTest" time="0.0"/>
</testsuite>